0 info it worked if it ends with ok
1 verbose cli [ 'C:\\Program Files\\nodejs\\node.exe',
1 verbose cli   'C:\\Program Files\\nodejs\\node_modules\\npm\\bin\\npm-cli.js',
1 verbose cli   'install',
1 verbose cli   'dochub' ]
2 info using npm@1.2.30
3 info using node@v0.10.11
4 verbose read json C:\Users\Prashant\package.json
5 verbose read json C:\Users\Prashant\node_modules\jsdom\package.json
6 verbose read json C:\Users\Prashant\package.json
7 verbose cache add [ 'dochub', null ]
8 verbose cache add name=undefined spec="dochub" args=["dochub",null]
9 verbose parsed url { protocol: null,
9 verbose parsed url   slashes: null,
9 verbose parsed url   auth: null,
9 verbose parsed url   host: null,
9 verbose parsed url   port: null,
9 verbose parsed url   hostname: null,
9 verbose parsed url   hash: null,
9 verbose parsed url   search: null,
9 verbose parsed url   query: null,
9 verbose parsed url   pathname: 'dochub',
9 verbose parsed url   path: 'dochub',
9 verbose parsed url   href: 'dochub' }
10 silly lockFile 4c91f891-dochub dochub
11 verbose lock dochub C:\Users\Prashant\AppData\Roaming\npm-cache\4c91f891-dochub.lock
12 silly lockFile 4c91f891-dochub dochub
13 silly lockFile 4c91f891-dochub dochub
14 verbose addNamed [ 'dochub', '' ]
15 verbose addNamed [ null, '' ]
16 silly lockFile 42d669bb-dochub dochub@
17 verbose lock dochub@ C:\Users\Prashant\AppData\Roaming\npm-cache\42d669bb-dochub.lock
18 silly addNameRange { name: 'dochub', range: '', hasData: false }
19 verbose url raw dochub
20 verbose url resolving [ 'https://registry.npmjs.org/', './dochub' ]
21 verbose url resolved https://registry.npmjs.org/dochub
22 info trying registry request attempt 1 at 11:33:00
23 http GET https://registry.npmjs.org/dochub
24 http 404 https://registry.npmjs.org/dochub
25 silly registry.get cb [ 404,
25 silly registry.get   { server: 'CouchDB/1.3.0 (Erlang OTP/R15B03)',
25 silly registry.get     date: 'Sat, 03 Aug 2013 09:33:02 GMT',
25 silly registry.get     'content-type': 'application/json',
25 silly registry.get     'content-length': '52',
25 silly registry.get     'cache-control': 'must-revalidate' } ]
26 silly lockFile 42d669bb-dochub dochub@
27 silly lockFile 42d669bb-dochub dochub@
28 error 404 'dochub' is not in the npm registry.
28 error 404 You should bug the author to publish it
28 error 404
28 error 404 Note that you can also install from a
28 error 404 tarball, folder, or http url, or git url.
29 error System Windows_NT 6.2.9200
30 error command "C:\\Program Files\\nodejs\\node.exe" "C:\\Program Files\\nodejs\\node_modules\\npm\\bin\\npm-cli.js" "install" "dochub"
31 error cwd C:\Users\Prashant\Desktop\Flui
32 error node -v v0.10.11
33 error npm -v 1.2.30
34 error code E404
35 verbose exit [ 1, true ]
